make all --print-data-base --no-builtin-variables --no-builtin-rules --question
make: *** No rule to make target 'all'.  Stop.

# GNU Make 4.3
# Built for x86_64-pc-linux-gnu
# Copyright (C) 1988-2020 Free Software Foundation, Inc.
# License GPLv3+: GNU GPL version 3 or later <http://gnu.org/licenses/gpl.html>
# This is free software: you are free to change and redistribute it.
# There is NO WARRANTY, to the extent permitted by law.

# Make data base, printed on Sat May 14 19:58:38 2022

# Variables

# environment
REMOTE_CONTAINERS_SOCKETS = ["/tmp/vscode-ssh-auth-65b53b0ae68f67455e26e3cd6f355fa54d6b6cfa.sock","/home/node/.gnupg/S.gpg-agent"]
# environment
LC_ALL = C
# environment
VSCODE_CWD = /vscode/vscode-server/bin/linux-x64/da15b6fd3ef856477bf6f4fb29ba1b7af717770d
# environment
NVM_DIR = /usr/local/share/nvm
# default
MAKE_COMMAND := make
# environment
VSCODE_HANDLES_SIGPIPE = true
# automatic
@D = $(patsubst %/,%,$(dir $@))
# environment
VSCODE_HANDLES_UNCAUGHT_ERRORS = true
# default
.VARIABLES := 
# environment
PWD = /workspaces/homepage-backend
# automatic
%D = $(patsubst %/,%,$(dir $%))
# environment
HOSTNAME = 6297d71827dd
# automatic
^D = $(patsubst %/,%,$(dir $^))
# environment
VSCODE_LOG_STACK = false
# automatic
%F = $(notdir $%)
# environment
LANG = C
# environment
NVM_SYMLINK_CURRENT = true
# default
.LOADED := 
# default
.INCLUDE_DIRS = /usr/local/include /usr/include /usr/include
# environment
PROMPT_DIRTRIM = 4
# makefile
MAKEFLAGS = pqrR
# makefile
CURDIR := /workspaces/homepage-backend
# environment
VSCODE_PIPE_LOGGING = true
# environment
APPLICATION_INSIGHTS_NO_DIAGNOSTIC_CHANNEL = true
# automatic
*D = $(patsubst %/,%,$(dir $*))
# environment
YARN_VERSION = 1.22.18
# environment
SSH_AUTH_SOCK = /tmp/vscode-ssh-auth-65b53b0ae68f67455e26e3cd6f355fa54d6b6cfa.sock
# default
.SHELLFLAGS := -c
# environment
MFLAGS = -pqrR
# automatic
+D = $(patsubst %/,%,$(dir $+))
# makefile (from 'Makefile', line 1)
MAKEFILE_LIST := Makefile
# automatic
@F = $(notdir $@)
# environment
VSCODE_VERBOSE_LOGGING = true
# automatic
?D = $(patsubst %/,%,$(dir $?))
# automatic
*F = $(notdir $*)
# automatic
<D = $(patsubst %/,%,$(dir $<))
# environment
VSCODE_NLS_CONFIG = {"locale":"en","availableLanguages":{}}
# default
MAKE_HOST := x86_64-pc-linux-gnu
# makefile
SHELL = /bin/sh
# default
MAKECMDGOALS := all
# environment
SHLVL = 1
# environment
MAKELEVEL := 0
# default
MAKE = $(MAKE_COMMAND)
# environment
PATH = /vscode/vscode-server/bin/linux-x64/da15b6fd3ef856477bf6f4fb29ba1b7af717770d/bin/remote-cli:/usr/local/share/npm-global/bin:/usr/local/share/nvm/current/bin:/usr/local/share/npm-global/bin:/usr/local/share/nvm/current/bin:/usr/local/sbin:/usr/local/bin:/usr/sbin:/usr/bin:/sbin:/bin:/home/node/.local/bin
# default
MAKEFILES := 
# automatic
^F = $(notdir $^)
# environment
NODE_VERSION = 16.14.2
# environment
VSCODE_LOG_NATIVE = false
# environment
REMOTE_CONTAINERS_IPC = /tmp/vscode-remote-containers-ipc-65b53b0ae68f67455e26e3cd6f355fa54d6b6cfa.sock
# environment
REMOTE_CONTAINERS = true
# automatic
?F = $(notdir $?)
# environment
LS_COLORS = 
# automatic
+F = $(notdir $+)
# 'override' directive
GNUMAKEFLAGS := 
# environment
BROWSER = /vscode/vscode-server/bin/linux-x64/da15b6fd3ef856477bf6f4fb29ba1b7af717770d/bin/helpers/browser.sh
# makefile
.DEFAULT_GOAL := deps
# environment
USER = node
# default
MAKE_VERSION := 4.3
# environment
VSCODE_EXTHOST_WILL_SEND_SOCKET = true
# environment
VSCODE_AGENT_FOLDER = /home/node/.vscode-server
# environment
_ = /bin/cat
# environment
NVM_RC_VERSION = 
# environment
VSCODE_IPC_HOOK_CLI = /tmp/vscode-ipc-8077e7e1-4500-443f-a0f4-05e0363fda2f.sock
# environment
NVM_CD_FLAGS = 
# environment
VSCODE_AMD_ENTRYPOINT = vs/workbench/api/node/extensionHostProcess
# environment
HOME = /home/node
# default
.RECIPEPREFIX := 
# automatic
<F = $(notdir $<)
# default
SUFFIXES := 
# default
.FEATURES := target-specific order-only second-expansion else-if shortest-stem undefine oneshell nocomment grouped-target extra-prereqs archives jobserver output-sync check-symlink load
# variable set hash-table stats:
# Load=70/1024=7%, Rehash=0, Collisions=14/100=14%

# Pattern-specific Variable Values

# No pattern-specific variable values.

# Directories

# . (device 2080, inode 48964): 19 files, no impossibilities.

# 19 files, no impossibilities in 1 directories.

# Implicit Rules

# No implicit rules.

# Files

# Not a target:
Makefile:
#  Implicit rule search has been done.
#  Last modified 2022-05-01 15:25:21.901178128
#  File has been updated.
#  Successfully updated.

# Not a target:
.DEFAULT:
#  Implicit rule search has not been done.
#  Modification time never checked.
#  File has not been updated.

dev:
#  Implicit rule search has not been done.
#  Modification time never checked.
#  File has not been updated.
#  recipe to execute (from 'Makefile', line 8):
	npm run dev	

# Not a target:
all:
#  Command line target.
#  Implicit rule search has been done.
#  File does not exist.
#  File has not been updated.

deps:
#  Implicit rule search has not been done.
#  Modification time never checked.
#  File has not been updated.
#  recipe to execute (from 'Makefile', line 3):
	npm install --no-optional
	npm audit fix

# files hash-table stats:
# Load=6/1024=1%, Rehash=0, Collisions=0/16=0%
# VPATH Search Paths

# No 'vpath' search paths.

# No general ('VPATH' variable) search path.

# strcache buffers: 1 (0) / strings = 26 / storage = 266 B / avg = 10 B
# current buf: size = 8162 B / used = 266 B / count = 26 / avg = 10 B

# strcache performance: lookups = 32 / hit rate = 18%
# hash-table stats:
# Load=26/8192=0%, Rehash=0, Collisions=0/32=0%
# Finished Make data base on Sat May 14 19:58:38 2022

 
